2017-08-08 14:22:01 Notice: Notice (8): Undefined index: lx in [/private/etc/apache2/doc/newsvn/www.myj.com/src/app/View/Sale/index.ctp, line 106]
Trace:
include - APP/View/Sale/index.ctp, line 106
View::_evaluate() - CORE/Cake/View/View.php, line 971
View::_render() - CORE/Cake/View/View.php, line 933
View::render() - CORE/Cake/View/View.php, line 473
Controller::render() - CORE/Cake/Controller/Controller.php, line 960
Dispatcher::_invoke() - CORE/Cake/Routing/Dispatcher.php, line 200
Dispatcher::dispatch() - CORE/Cake/Routing/Dispatcher.php, line 167
[main] - APP/webroot/index.php, line 118

2017-08-08 14:22:01 Notice: Notice (8): Undefined index: lx in [/private/etc/apache2/doc/newsvn/www.myj.com/src/app/View/Sale/index.ctp, line 106]
Trace:
include - APP/View/Sale/index.ctp, line 106
View::_evaluate() - CORE/Cake/View/View.php, line 971
View::_render() - CORE/Cake/View/View.php, line 933
View::render() - CORE/Cake/View/View.php, line 473
Controller::render() - CORE/Cake/Controller/Controller.php, line 960
Dispatcher::_invoke() - CORE/Cake/Routing/Dispatcher.php, line 200
Dispatcher::dispatch() - CORE/Cake/Routing/Dispatcher.php, line 167
[main] - APP/webroot/index.php, line 118

2017-08-08 14:22:01 Notice: Notice (8): Undefined index: lx in [/private/etc/apache2/doc/newsvn/www.myj.com/src/app/View/Sale/index.ctp, line 106]
Trace:
include - APP/View/Sale/index.ctp, line 106
View::_evaluate() - CORE/Cake/View/View.php, line 971
View::_render() - CORE/Cake/View/View.php, line 933
View::render() - CORE/Cake/View/View.php, line 473
Controller::render() - CORE/Cake/Controller/Controller.php, line 960
Dispatcher::_invoke() - CORE/Cake/Routing/Dispatcher.php, line 200
Dispatcher::dispatch() - CORE/Cake/Routing/Dispatcher.php, line 167
[main] - APP/webroot/index.php, line 118

2017-08-08 14:22:01 Notice: Notice (8): Undefined index: lx in [/private/etc/apache2/doc/newsvn/www.myj.com/src/app/View/Sale/index.ctp, line 106]
Trace:
include - APP/View/Sale/index.ctp, line 106
View::_evaluate() - CORE/Cake/View/View.php, line 971
View::_render() - CORE/Cake/View/View.php, line 933
View::render() - CORE/Cake/View/View.php, line 473
Controller::render() - CORE/Cake/Controller/Controller.php, line 960
Dispatcher::_invoke() - CORE/Cake/Routing/Dispatcher.php, line 200
Dispatcher::dispatch() - CORE/Cake/Routing/Dispatcher.php, line 167
[main] - APP/webroot/index.php, line 118

2017-08-08 14:22:01 Notice: Notice (8): Undefined index: lx in [/private/etc/apache2/doc/newsvn/www.myj.com/src/app/View/Sale/index.ctp, line 106]
Trace:
include - APP/View/Sale/index.ctp, line 106
View::_evaluate() - CORE/Cake/View/View.php, line 971
View::_render() - CORE/Cake/View/View.php, line 933
View::render() - CORE/Cake/View/View.php, line 473
Controller::render() - CORE/Cake/Controller/Controller.php, line 960
Dispatcher::_invoke() - CORE/Cake/Routing/Dispatcher.php, line 200
Dispatcher::dispatch() - CORE/Cake/Routing/Dispatcher.php, line 167
[main] - APP/webroot/index.php, line 118

2017-08-08 14:22:01 Notice: Notice (8): Undefined index: lx in [/private/etc/apache2/doc/newsvn/www.myj.com/src/app/View/Sale/index.ctp, line 106]
Trace:
include - APP/View/Sale/index.ctp, line 106
View::_evaluate() - CORE/Cake/View/View.php, line 971
View::_render() - CORE/Cake/View/View.php, line 933
View::render() - CORE/Cake/View/View.php, line 473
Controller::render() - CORE/Cake/Controller/Controller.php, line 960
Dispatcher::_invoke() - CORE/Cake/Routing/Dispatcher.php, line 200
Dispatcher::dispatch() - CORE/Cake/Routing/Dispatcher.php, line 167
[main] - APP/webroot/index.php, line 118

2017-08-08 14:22:01 Notice: Notice (8): Undefined index: lx in [/private/etc/apache2/doc/newsvn/www.myj.com/src/app/View/Sale/index.ctp, line 106]
Trace:
include - APP/View/Sale/index.ctp, line 106
View::_evaluate() - CORE/Cake/View/View.php, line 971
View::_render() - CORE/Cake/View/View.php, line 933
View::render() - CORE/Cake/View/View.php, line 473
Controller::render() - CORE/Cake/Controller/Controller.php, line 960
Dispatcher::_invoke() - CORE/Cake/Routing/Dispatcher.php, line 200
Dispatcher::dispatch() - CORE/Cake/Routing/Dispatcher.php, line 167
[main] - APP/webroot/index.php, line 118

2017-08-08 14:22:01 Notice: Notice (8): Undefined index: lx in [/private/etc/apache2/doc/newsvn/www.myj.com/src/app/View/Sale/index.ctp, line 106]
Trace:
include - APP/View/Sale/index.ctp, line 106
View::_evaluate() - CORE/Cake/View/View.php, line 971
View::_render() - CORE/Cake/View/View.php, line 933
View::render() - CORE/Cake/View/View.php, line 473
Controller::render() - CORE/Cake/Controller/Controller.php, line 960
Dispatcher::_invoke() - CORE/Cake/Routing/Dispatcher.php, line 200
Dispatcher::dispatch() - CORE/Cake/Routing/Dispatcher.php, line 167
[main] - APP/webroot/index.php, line 118

2017-08-08 14:22:01 Notice: Notice (8): Undefined index: lx in [/private/etc/apache2/doc/newsvn/www.myj.com/src/app/View/Sale/index.ctp, line 106]
Trace:
include - APP/View/Sale/index.ctp, line 106
View::_evaluate() - CORE/Cake/View/View.php, line 971
View::_render() - CORE/Cake/View/View.php, line 933
View::render() - CORE/Cake/View/View.php, line 473
Controller::render() - CORE/Cake/Controller/Controller.php, line 960
Dispatcher::_invoke() - CORE/Cake/Routing/Dispatcher.php, line 200
Dispatcher::dispatch() - CORE/Cake/Routing/Dispatcher.php, line 167
[main] - APP/webroot/index.php, line 118

2017-08-08 14:22:03 Notice: Notice (8): Undefined index: lx in [/private/etc/apache2/doc/newsvn/www.myj.com/src/app/View/Sale/index.ctp, line 106]
Trace:
include - APP/View/Sale/index.ctp, line 106
View::_evaluate() - CORE/Cake/View/View.php, line 971
View::_render() - CORE/Cake/View/View.php, line 933
View::render() - CORE/Cake/View/View.php, line 473
Controller::render() - CORE/Cake/Controller/Controller.php, line 960
Dispatcher::_invoke() - CORE/Cake/Routing/Dispatcher.php, line 200
Dispatcher::dispatch() - CORE/Cake/Routing/Dispatcher.php, line 167
[main] - APP/webroot/index.php, line 118

2017-08-08 14:22:03 Notice: Notice (8): Undefined index: lx in [/private/etc/apache2/doc/newsvn/www.myj.com/src/app/View/Sale/index.ctp, line 106]
Trace:
include - APP/View/Sale/index.ctp, line 106
View::_evaluate() - CORE/Cake/View/View.php, line 971
View::_render() - CORE/Cake/View/View.php, line 933
View::render() - CORE/Cake/View/View.php, line 473
Controller::render() - CORE/Cake/Controller/Controller.php, line 960
Dispatcher::_invoke() - CORE/Cake/Routing/Dispatcher.php, line 200
Dispatcher::dispatch() - CORE/Cake/Routing/Dispatcher.php, line 167
[main] - APP/webroot/index.php, line 118

2017-08-08 14:22:03 Notice: Notice (8): Undefined index: lx in [/private/etc/apache2/doc/newsvn/www.myj.com/src/app/View/Sale/index.ctp, line 106]
Trace:
include - APP/View/Sale/index.ctp, line 106
View::_evaluate() - CORE/Cake/View/View.php, line 971
View::_render() - CORE/Cake/View/View.php, line 933
View::render() - CORE/Cake/View/View.php, line 473
Controller::render() - CORE/Cake/Controller/Controller.php, line 960
Dispatcher::_invoke() - CORE/Cake/Routing/Dispatcher.php, line 200
Dispatcher::dispatch() - CORE/Cake/Routing/Dispatcher.php, line 167
[main] - APP/webroot/index.php, line 118

2017-08-08 14:22:03 Notice: Notice (8): Undefined index: lx in [/private/etc/apache2/doc/newsvn/www.myj.com/src/app/View/Sale/index.ctp, line 106]
Trace:
include - APP/View/Sale/index.ctp, line 106
View::_evaluate() - CORE/Cake/View/View.php, line 971
View::_render() - CORE/Cake/View/View.php, line 933
View::render() - CORE/Cake/View/View.php, line 473
Controller::render() - CORE/Cake/Controller/Controller.php, line 960
Dispatcher::_invoke() - CORE/Cake/Routing/Dispatcher.php, line 200
Dispatcher::dispatch() - CORE/Cake/Routing/Dispatcher.php, line 167
[main] - APP/webroot/index.php, line 118

2017-08-08 14:22:03 Notice: Notice (8): Undefined index: lx in [/private/etc/apache2/doc/newsvn/www.myj.com/src/app/View/Sale/index.ctp, line 106]
Trace:
include - APP/View/Sale/index.ctp, line 106
View::_evaluate() - CORE/Cake/View/View.php, line 971
View::_render() - CORE/Cake/View/View.php, line 933
View::render() - CORE/Cake/View/View.php, line 473
Controller::render() - CORE/Cake/Controller/Controller.php, line 960
Dispatcher::_invoke() - CORE/Cake/Routing/Dispatcher.php, line 200
Dispatcher::dispatch() - CORE/Cake/Routing/Dispatcher.php, line 167
[main] - APP/webroot/index.php, line 118

2017-08-08 14:22:03 Notice: Notice (8): Undefined index: lx in [/private/etc/apache2/doc/newsvn/www.myj.com/src/app/View/Sale/index.ctp, line 106]
Trace:
include - APP/View/Sale/index.ctp, line 106
View::_evaluate() - CORE/Cake/View/View.php, line 971
View::_render() - CORE/Cake/View/View.php, line 933
View::render() - CORE/Cake/View/View.php, line 473
Controller::render() - CORE/Cake/Controller/Controller.php, line 960
Dispatcher::_invoke() - CORE/Cake/Routing/Dispatcher.php, line 200
Dispatcher::dispatch() - CORE/Cake/Routing/Dispatcher.php, line 167
[main] - APP/webroot/index.php, line 118

2017-08-08 14:22:03 Notice: Notice (8): Undefined index: lx in [/private/etc/apache2/doc/newsvn/www.myj.com/src/app/View/Sale/index.ctp, line 106]
Trace:
include - APP/View/Sale/index.ctp, line 106
View::_evaluate() - CORE/Cake/View/View.php, line 971
View::_render() - CORE/Cake/View/View.php, line 933
View::render() - CORE/Cake/View/View.php, line 473
Controller::render() - CORE/Cake/Controller/Controller.php, line 960
Dispatcher::_invoke() - CORE/Cake/Routing/Dispatcher.php, line 200
Dispatcher::dispatch() - CORE/Cake/Routing/Dispatcher.php, line 167
[main] - APP/webroot/index.php, line 118

2017-08-08 14:22:03 Notice: Notice (8): Undefined index: lx in [/private/etc/apache2/doc/newsvn/www.myj.com/src/app/View/Sale/index.ctp, line 106]
Trace:
include - APP/View/Sale/index.ctp, line 106
View::_evaluate() - CORE/Cake/View/View.php, line 971
View::_render() - CORE/Cake/View/View.php, line 933
View::render() - CORE/Cake/View/View.php, line 473
Controller::render() - CORE/Cake/Controller/Controller.php, line 960
Dispatcher::_invoke() - CORE/Cake/Routing/Dispatcher.php, line 200
Dispatcher::dispatch() - CORE/Cake/Routing/Dispatcher.php, line 167
[main] - APP/webroot/index.php, line 118

2017-08-08 14:22:03 Notice: Notice (8): Undefined index: lx in [/private/etc/apache2/doc/newsvn/www.myj.com/src/app/View/Sale/index.ctp, line 106]
Trace:
include - APP/View/Sale/index.ctp, line 106
View::_evaluate() - CORE/Cake/View/View.php, line 971
View::_render() - CORE/Cake/View/View.php, line 933
View::render() - CORE/Cake/View/View.php, line 473
Controller::render() - CORE/Cake/Controller/Controller.php, line 960
Dispatcher::_invoke() - CORE/Cake/Routing/Dispatcher.php, line 200
Dispatcher::dispatch() - CORE/Cake/Routing/Dispatcher.php, line 167
[main] - APP/webroot/index.php, line 118

2017-08-08 14:22:06 Notice: Notice (8): Undefined index: lx in [/private/etc/apache2/doc/newsvn/www.myj.com/src/app/View/Sale/index.ctp, line 106]
Trace:
include - APP/View/Sale/index.ctp, line 106
View::_evaluate() - CORE/Cake/View/View.php, line 971
View::_render() - CORE/Cake/View/View.php, line 933
View::render() - CORE/Cake/View/View.php, line 473
Controller::render() - CORE/Cake/Controller/Controller.php, line 960
Dispatcher::_invoke() - CORE/Cake/Routing/Dispatcher.php, line 200
Dispatcher::dispatch() - CORE/Cake/Routing/Dispatcher.php, line 167
[main] - APP/webroot/index.php, line 118

2017-08-08 14:22:06 Notice: Notice (8): Undefined index: lx in [/private/etc/apache2/doc/newsvn/www.myj.com/src/app/View/Sale/index.ctp, line 106]
Trace:
include - APP/View/Sale/index.ctp, line 106
View::_evaluate() - CORE/Cake/View/View.php, line 971
View::_render() - CORE/Cake/View/View.php, line 933
View::render() - CORE/Cake/View/View.php, line 473
Controller::render() - CORE/Cake/Controller/Controller.php, line 960
Dispatcher::_invoke() - CORE/Cake/Routing/Dispatcher.php, line 200
Dispatcher::dispatch() - CORE/Cake/Routing/Dispatcher.php, line 167
[main] - APP/webroot/index.php, line 118

2017-08-08 14:22:06 Notice: Notice (8): Undefined index: lx in [/private/etc/apache2/doc/newsvn/www.myj.com/src/app/View/Sale/index.ctp, line 106]
Trace:
include - APP/View/Sale/index.ctp, line 106
View::_evaluate() - CORE/Cake/View/View.php, line 971
View::_render() - CORE/Cake/View/View.php, line 933
View::render() - CORE/Cake/View/View.php, line 473
Controller::render() - CORE/Cake/Controller/Controller.php, line 960
Dispatcher::_invoke() - CORE/Cake/Routing/Dispatcher.php, line 200
Dispatcher::dispatch() - CORE/Cake/Routing/Dispatcher.php, line 167
[main] - APP/webroot/index.php, line 118

2017-08-08 14:22:06 Notice: Notice (8): Undefined index: lx in [/private/etc/apache2/doc/newsvn/www.myj.com/src/app/View/Sale/index.ctp, line 106]
Trace:
include - APP/View/Sale/index.ctp, line 106
View::_evaluate() - CORE/Cake/View/View.php, line 971
View::_render() - CORE/Cake/View/View.php, line 933
View::render() - CORE/Cake/View/View.php, line 473
Controller::render() - CORE/Cake/Controller/Controller.php, line 960
Dispatcher::_invoke() - CORE/Cake/Routing/Dispatcher.php, line 200
Dispatcher::dispatch() - CORE/Cake/Routing/Dispatcher.php, line 167
[main] - APP/webroot/index.php, line 118

2017-08-08 14:22:06 Notice: Notice (8): Undefined index: lx in [/private/etc/apache2/doc/newsvn/www.myj.com/src/app/View/Sale/index.ctp, line 106]
Trace:
include - APP/View/Sale/index.ctp, line 106
View::_evaluate() - CORE/Cake/View/View.php, line 971
View::_render() - CORE/Cake/View/View.php, line 933
View::render() - CORE/Cake/View/View.php, line 473
Controller::render() - CORE/Cake/Controller/Controller.php, line 960
Dispatcher::_invoke() - CORE/Cake/Routing/Dispatcher.php, line 200
Dispatcher::dispatch() - CORE/Cake/Routing/Dispatcher.php, line 167
[main] - APP/webroot/index.php, line 118

2017-08-08 14:22:06 Notice: Notice (8): Undefined index: lx in [/private/etc/apache2/doc/newsvn/www.myj.com/src/app/View/Sale/index.ctp, line 106]
Trace:
include - APP/View/Sale/index.ctp, line 106
View::_evaluate() - CORE/Cake/View/View.php, line 971
View::_render() - CORE/Cake/View/View.php, line 933
View::render() - CORE/Cake/View/View.php, line 473
Controller::render() - CORE/Cake/Controller/Controller.php, line 960
Dispatcher::_invoke() - CORE/Cake/Routing/Dispatcher.php, line 200
Dispatcher::dispatch() - CORE/Cake/Routing/Dispatcher.php, line 167
[main] - APP/webroot/index.php, line 118

2017-08-08 14:22:06 Notice: Notice (8): Undefined index: lx in [/private/etc/apache2/doc/newsvn/www.myj.com/src/app/View/Sale/index.ctp, line 106]
Trace:
include - APP/View/Sale/index.ctp, line 106
View::_evaluate() - CORE/Cake/View/View.php, line 971
View::_render() - CORE/Cake/View/View.php, line 933
View::render() - CORE/Cake/View/View.php, line 473
Controller::render() - CORE/Cake/Controller/Controller.php, line 960
Dispatcher::_invoke() - CORE/Cake/Routing/Dispatcher.php, line 200
Dispatcher::dispatch() - CORE/Cake/Routing/Dispatcher.php, line 167
[main] - APP/webroot/index.php, line 118

2017-08-08 14:22:06 Notice: Notice (8): Undefined index: lx in [/private/etc/apache2/doc/newsvn/www.myj.com/src/app/View/Sale/index.ctp, line 106]
Trace:
include - APP/View/Sale/index.ctp, line 106
View::_evaluate() - CORE/Cake/View/View.php, line 971
View::_render() - CORE/Cake/View/View.php, line 933
View::render() - CORE/Cake/View/View.php, line 473
Controller::render() - CORE/Cake/Controller/Controller.php, line 960
Dispatcher::_invoke() - CORE/Cake/Routing/Dispatcher.php, line 200
Dispatcher::dispatch() - CORE/Cake/Routing/Dispatcher.php, line 167
[main] - APP/webroot/index.php, line 118

2017-08-08 14:22:06 Notice: Notice (8): Undefined index: lx in [/private/etc/apache2/doc/newsvn/www.myj.com/src/app/View/Sale/index.ctp, line 106]
Trace:
include - APP/View/Sale/index.ctp, line 106
View::_evaluate() - CORE/Cake/View/View.php, line 971
View::_render() - CORE/Cake/View/View.php, line 933
View::render() - CORE/Cake/View/View.php, line 473
Controller::render() - CORE/Cake/Controller/Controller.php, line 960
Dispatcher::_invoke() - CORE/Cake/Routing/Dispatcher.php, line 200
Dispatcher::dispatch() - CORE/Cake/Routing/Dispatcher.php, line 167
[main] - APP/webroot/index.php, line 118

2017-08-08 14:22:07 Notice: Notice (8): Undefined index: lx in [/private/etc/apache2/doc/newsvn/www.myj.com/src/app/View/Sale/index.ctp, line 106]
Trace:
include - APP/View/Sale/index.ctp, line 106
View::_evaluate() - CORE/Cake/View/View.php, line 971
View::_render() - CORE/Cake/View/View.php, line 933
View::render() - CORE/Cake/View/View.php, line 473
Controller::render() - CORE/Cake/Controller/Controller.php, line 960
Dispatcher::_invoke() - CORE/Cake/Routing/Dispatcher.php, line 200
Dispatcher::dispatch() - CORE/Cake/Routing/Dispatcher.php, line 167
[main] - APP/webroot/index.php, line 118

2017-08-08 14:22:07 Notice: Notice (8): Undefined index: lx in [/private/etc/apache2/doc/newsvn/www.myj.com/src/app/View/Sale/index.ctp, line 106]
Trace:
include - APP/View/Sale/index.ctp, line 106
View::_evaluate() - CORE/Cake/View/View.php, line 971
View::_render() - CORE/Cake/View/View.php, line 933
View::render() - CORE/Cake/View/View.php, line 473
Controller::render() - CORE/Cake/Controller/Controller.php, line 960
Dispatcher::_invoke() - CORE/Cake/Routing/Dispatcher.php, line 200
Dispatcher::dispatch() - CORE/Cake/Routing/Dispatcher.php, line 167
[main] - APP/webroot/index.php, line 118

2017-08-08 14:22:07 Notice: Notice (8): Undefined index: lx in [/private/etc/apache2/doc/newsvn/www.myj.com/src/app/View/Sale/index.ctp, line 106]
Trace:
include - APP/View/Sale/index.ctp, line 106
View::_evaluate() - CORE/Cake/View/View.php, line 971
View::_render() - CORE/Cake/View/View.php, line 933
View::render() - CORE/Cake/View/View.php, line 473
Controller::render() - CORE/Cake/Controller/Controller.php, line 960
Dispatcher::_invoke() - CORE/Cake/Routing/Dispatcher.php, line 200
Dispatcher::dispatch() - CORE/Cake/Routing/Dispatcher.php, line 167
[main] - APP/webroot/index.php, line 118

2017-08-08 14:22:07 Notice: Notice (8): Undefined index: lx in [/private/etc/apache2/doc/newsvn/www.myj.com/src/app/View/Sale/index.ctp, line 106]
Trace:
include - APP/View/Sale/index.ctp, line 106
View::_evaluate() - CORE/Cake/View/View.php, line 971
View::_render() - CORE/Cake/View/View.php, line 933
View::render() - CORE/Cake/View/View.php, line 473
Controller::render() - CORE/Cake/Controller/Controller.php, line 960
Dispatcher::_invoke() - CORE/Cake/Routing/Dispatcher.php, line 200
Dispatcher::dispatch() - CORE/Cake/Routing/Dispatcher.php, line 167
[main] - APP/webroot/index.php, line 118

2017-08-08 14:22:07 Notice: Notice (8): Undefined index: lx in [/private/etc/apache2/doc/newsvn/www.myj.com/src/app/View/Sale/index.ctp, line 106]
Trace:
include - APP/View/Sale/index.ctp, line 106
View::_evaluate() - CORE/Cake/View/View.php, line 971
View::_render() - CORE/Cake/View/View.php, line 933
View::render() - CORE/Cake/View/View.php, line 473
Controller::render() - CORE/Cake/Controller/Controller.php, line 960
Dispatcher::_invoke() - CORE/Cake/Routing/Dispatcher.php, line 200
Dispatcher::dispatch() - CORE/Cake/Routing/Dispatcher.php, line 167
[main] - APP/webroot/index.php, line 118

2017-08-08 14:22:07 Notice: Notice (8): Undefined index: lx in [/private/etc/apache2/doc/newsvn/www.myj.com/src/app/View/Sale/index.ctp, line 106]
Trace:
include - APP/View/Sale/index.ctp, line 106
View::_evaluate() - CORE/Cake/View/View.php, line 971
View::_render() - CORE/Cake/View/View.php, line 933
View::render() - CORE/Cake/View/View.php, line 473
Controller::render() - CORE/Cake/Controller/Controller.php, line 960
Dispatcher::_invoke() - CORE/Cake/Routing/Dispatcher.php, line 200
Dispatcher::dispatch() - CORE/Cake/Routing/Dispatcher.php, line 167
[main] - APP/webroot/index.php, line 118

2017-08-08 14:22:07 Notice: Notice (8): Undefined index: lx in [/private/etc/apache2/doc/newsvn/www.myj.com/src/app/View/Sale/index.ctp, line 106]
Trace:
include - APP/View/Sale/index.ctp, line 106
View::_evaluate() - CORE/Cake/View/View.php, line 971
View::_render() - CORE/Cake/View/View.php, line 933
View::render() - CORE/Cake/View/View.php, line 473
Controller::render() - CORE/Cake/Controller/Controller.php, line 960
Dispatcher::_invoke() - CORE/Cake/Routing/Dispatcher.php, line 200
Dispatcher::dispatch() - CORE/Cake/Routing/Dispatcher.php, line 167
[main] - APP/webroot/index.php, line 118

2017-08-08 14:22:07 Notice: Notice (8): Undefined index: lx in [/private/etc/apache2/doc/newsvn/www.myj.com/src/app/View/Sale/index.ctp, line 106]
Trace:
include - APP/View/Sale/index.ctp, line 106
View::_evaluate() - CORE/Cake/View/View.php, line 971
View::_render() - CORE/Cake/View/View.php, line 933
View::render() - CORE/Cake/View/View.php, line 473
Controller::render() - CORE/Cake/Controller/Controller.php, line 960
Dispatcher::_invoke() - CORE/Cake/Routing/Dispatcher.php, line 200
Dispatcher::dispatch() - CORE/Cake/Routing/Dispatcher.php, line 167
[main] - APP/webroot/index.php, line 118

2017-08-08 14:22:07 Notice: Notice (8): Undefined index: lx in [/private/etc/apache2/doc/newsvn/www.myj.com/src/app/View/Sale/index.ctp, line 106]
Trace:
include - APP/View/Sale/index.ctp, line 106
View::_evaluate() - CORE/Cake/View/View.php, line 971
View::_render() - CORE/Cake/View/View.php, line 933
View::render() - CORE/Cake/View/View.php, line 473
Controller::render() - CORE/Cake/Controller/Controller.php, line 960
Dispatcher::_invoke() - CORE/Cake/Routing/Dispatcher.php, line 200
Dispatcher::dispatch() - CORE/Cake/Routing/Dispatcher.php, line 167
[main] - APP/webroot/index.php, line 118

2017-08-08 14:23:59 Notice: Notice (8): Undefined index: lx in [/private/etc/apache2/doc/newsvn/www.myj.com/src/app/View/Sale/index.ctp, line 110]
Trace:
include - APP/View/Sale/index.ctp, line 110
View::_evaluate() - CORE/Cake/View/View.php, line 971
View::_render() - CORE/Cake/View/View.php, line 933
View::render() - CORE/Cake/View/View.php, line 473
Controller::render() - CORE/Cake/Controller/Controller.php, line 960
Dispatcher::_invoke() - CORE/Cake/Routing/Dispatcher.php, line 200
Dispatcher::dispatch() - CORE/Cake/Routing/Dispatcher.php, line 167
[main] - APP/webroot/index.php, line 118

2017-08-08 14:23:59 Notice: Notice (8): Undefined index: lx in [/private/etc/apache2/doc/newsvn/www.myj.com/src/app/View/Sale/index.ctp, line 110]
Trace:
include - APP/View/Sale/index.ctp, line 110
View::_evaluate() - CORE/Cake/View/View.php, line 971
View::_render() - CORE/Cake/View/View.php, line 933
View::render() - CORE/Cake/View/View.php, line 473
Controller::render() - CORE/Cake/Controller/Controller.php, line 960
Dispatcher::_invoke() - CORE/Cake/Routing/Dispatcher.php, line 200
Dispatcher::dispatch() - CORE/Cake/Routing/Dispatcher.php, line 167
[main] - APP/webroot/index.php, line 118

2017-08-08 14:23:59 Notice: Notice (8): Undefined index: lx in [/private/etc/apache2/doc/newsvn/www.myj.com/src/app/View/Sale/index.ctp, line 110]
Trace:
include - APP/View/Sale/index.ctp, line 110
View::_evaluate() - CORE/Cake/View/View.php, line 971
View::_render() - CORE/Cake/View/View.php, line 933
View::render() - CORE/Cake/View/View.php, line 473
Controller::render() - CORE/Cake/Controller/Controller.php, line 960
Dispatcher::_invoke() - CORE/Cake/Routing/Dispatcher.php, line 200
Dispatcher::dispatch() - CORE/Cake/Routing/Dispatcher.php, line 167
[main] - APP/webroot/index.php, line 118

2017-08-08 14:23:59 Notice: Notice (8): Undefined index: lx in [/private/etc/apache2/doc/newsvn/www.myj.com/src/app/View/Sale/index.ctp, line 110]
Trace:
include - APP/View/Sale/index.ctp, line 110
View::_evaluate() - CORE/Cake/View/View.php, line 971
View::_render() - CORE/Cake/View/View.php, line 933
View::render() - CORE/Cake/View/View.php, line 473
Controller::render() - CORE/Cake/Controller/Controller.php, line 960
Dispatcher::_invoke() - CORE/Cake/Routing/Dispatcher.php, line 200
Dispatcher::dispatch() - CORE/Cake/Routing/Dispatcher.php, line 167
[main] - APP/webroot/index.php, line 118

2017-08-08 14:23:59 Notice: Notice (8): Undefined index: lx in [/private/etc/apache2/doc/newsvn/www.myj.com/src/app/View/Sale/index.ctp, line 110]
Trace:
include - APP/View/Sale/index.ctp, line 110
View::_evaluate() - CORE/Cake/View/View.php, line 971
View::_render() - CORE/Cake/View/View.php, line 933
View::render() - CORE/Cake/View/View.php, line 473
Controller::render() - CORE/Cake/Controller/Controller.php, line 960
Dispatcher::_invoke() - CORE/Cake/Routing/Dispatcher.php, line 200
Dispatcher::dispatch() - CORE/Cake/Routing/Dispatcher.php, line 167
[main] - APP/webroot/index.php, line 118

2017-08-08 14:23:59 Notice: Notice (8): Undefined index: lx in [/private/etc/apache2/doc/newsvn/www.myj.com/src/app/View/Sale/index.ctp, line 110]
Trace:
include - APP/View/Sale/index.ctp, line 110
View::_evaluate() - CORE/Cake/View/View.php, line 971
View::_render() - CORE/Cake/View/View.php, line 933
View::render() - CORE/Cake/View/View.php, line 473
Controller::render() - CORE/Cake/Controller/Controller.php, line 960
Dispatcher::_invoke() - CORE/Cake/Routing/Dispatcher.php, line 200
Dispatcher::dispatch() - CORE/Cake/Routing/Dispatcher.php, line 167
[main] - APP/webroot/index.php, line 118

2017-08-08 14:23:59 Notice: Notice (8): Undefined index: lx in [/private/etc/apache2/doc/newsvn/www.myj.com/src/app/View/Sale/index.ctp, line 110]
Trace:
include - APP/View/Sale/index.ctp, line 110
View::_evaluate() - CORE/Cake/View/View.php, line 971
View::_render() - CORE/Cake/View/View.php, line 933
View::render() - CORE/Cake/View/View.php, line 473
Controller::render() - CORE/Cake/Controller/Controller.php, line 960
Dispatcher::_invoke() - CORE/Cake/Routing/Dispatcher.php, line 200
Dispatcher::dispatch() - CORE/Cake/Routing/Dispatcher.php, line 167
[main] - APP/webroot/index.php, line 118

2017-08-08 14:23:59 Notice: Notice (8): Undefined index: lx in [/private/etc/apache2/doc/newsvn/www.myj.com/src/app/View/Sale/index.ctp, line 110]
Trace:
include - APP/View/Sale/index.ctp, line 110
View::_evaluate() - CORE/Cake/View/View.php, line 971
View::_render() - CORE/Cake/View/View.php, line 933
View::render() - CORE/Cake/View/View.php, line 473
Controller::render() - CORE/Cake/Controller/Controller.php, line 960
Dispatcher::_invoke() - CORE/Cake/Routing/Dispatcher.php, line 200
Dispatcher::dispatch() - CORE/Cake/Routing/Dispatcher.php, line 167
[main] - APP/webroot/index.php, line 118

2017-08-08 14:23:59 Notice: Notice (8): Undefined index: lx in [/private/etc/apache2/doc/newsvn/www.myj.com/src/app/View/Sale/index.ctp, line 110]
Trace:
include - APP/View/Sale/index.ctp, line 110
View::_evaluate() - CORE/Cake/View/View.php, line 971
View::_render() - CORE/Cake/View/View.php, line 933
View::render() - CORE/Cake/View/View.php, line 473
Controller::render() - CORE/Cake/Controller/Controller.php, line 960
Dispatcher::_invoke() - CORE/Cake/Routing/Dispatcher.php, line 200
Dispatcher::dispatch() - CORE/Cake/Routing/Dispatcher.php, line 167
[main] - APP/webroot/index.php, line 118

2017-08-08 14:24:49 Notice: Notice (8): Array to string conversion in [/private/etc/apache2/doc/newsvn/www.myj.com/src/app/View/Sale/index.ctp, line 22]
Trace:
makeUrl - APP/View/Sale/index.ctp, line 22
include - APP/View/Sale/index.ctp, line 77
View::_evaluate() - CORE/Cake/View/View.php, line 971
View::_render() - CORE/Cake/View/View.php, line 933
View::render() - CORE/Cake/View/View.php, line 473
Controller::render() - CORE/Cake/Controller/Controller.php, line 960
Dispatcher::_invoke() - CORE/Cake/Routing/Dispatcher.php, line 200
Dispatcher::dispatch() - CORE/Cake/Routing/Dispatcher.php, line 167
[main] - APP/webroot/index.php, line 118

2017-08-08 14:24:49 Notice: Notice (8): Array to string conversion in [/private/etc/apache2/doc/newsvn/www.myj.com/src/app/View/Sale/index.ctp, line 22]
Trace:
makeUrl - APP/View/Sale/index.ctp, line 22
include - APP/View/Sale/index.ctp, line 77
View::_evaluate() - CORE/Cake/View/View.php, line 971
View::_render() - CORE/Cake/View/View.php, line 933
View::render() - CORE/Cake/View/View.php, line 473
Controller::render() - CORE/Cake/Controller/Controller.php, line 960
Dispatcher::_invoke() - CORE/Cake/Routing/Dispatcher.php, line 200
Dispatcher::dispatch() - CORE/Cake/Routing/Dispatcher.php, line 167
[main] - APP/webroot/index.php, line 118

2017-08-08 14:24:49 Notice: Notice (8): Array to string conversion in [/private/etc/apache2/doc/newsvn/www.myj.com/src/app/View/Sale/index.ctp, line 22]
Trace:
makeUrl - APP/View/Sale/index.ctp, line 22
include - APP/View/Sale/index.ctp, line 77
View::_evaluate() - CORE/Cake/View/View.php, line 971
View::_render() - CORE/Cake/View/View.php, line 933
View::render() - CORE/Cake/View/View.php, line 473
Controller::render() - CORE/Cake/Controller/Controller.php, line 960
Dispatcher::_invoke() - CORE/Cake/Routing/Dispatcher.php, line 200
Dispatcher::dispatch() - CORE/Cake/Routing/Dispatcher.php, line 167
[main] - APP/webroot/index.php, line 118

2017-08-08 14:24:49 Notice: Notice (8): Array to string conversion in [/private/etc/apache2/doc/newsvn/www.myj.com/src/app/View/Sale/index.ctp, line 22]
Trace:
makeUrl - APP/View/Sale/index.ctp, line 22
include - APP/View/Sale/index.ctp, line 77
View::_evaluate() - CORE/Cake/View/View.php, line 971
View::_render() - CORE/Cake/View/View.php, line 933
View::render() - CORE/Cake/View/View.php, line 473
Controller::render() - CORE/Cake/Controller/Controller.php, line 960
Dispatcher::_invoke() - CORE/Cake/Routing/Dispatcher.php, line 200
Dispatcher::dispatch() - CORE/Cake/Routing/Dispatcher.php, line 167
[main] - APP/webroot/index.php, line 118

2017-08-08 14:24:49 Notice: Notice (8): Array to string conversion in [/private/etc/apache2/doc/newsvn/www.myj.com/src/app/View/Sale/index.ctp, line 22]
Trace:
makeUrl - APP/View/Sale/index.ctp, line 22
include - APP/View/Sale/index.ctp, line 77
View::_evaluate() - CORE/Cake/View/View.php, line 971
View::_render() - CORE/Cake/View/View.php, line 933
View::render() - CORE/Cake/View/View.php, line 473
Controller::render() - CORE/Cake/Controller/Controller.php, line 960
Dispatcher::_invoke() - CORE/Cake/Routing/Dispatcher.php, line 200
Dispatcher::dispatch() - CORE/Cake/Routing/Dispatcher.php, line 167
[main] - APP/webroot/index.php, line 118

2017-08-08 14:24:49 Notice: Notice (8): Array to string conversion in [/private/etc/apache2/doc/newsvn/www.myj.com/src/app/View/Sale/index.ctp, line 22]
Trace:
makeUrl - APP/View/Sale/index.ctp, line 22
include - APP/View/Sale/index.ctp, line 77
View::_evaluate() - CORE/Cake/View/View.php, line 971
View::_render() - CORE/Cake/View/View.php, line 933
View::render() - CORE/Cake/View/View.php, line 473
Controller::render() - CORE/Cake/Controller/Controller.php, line 960
Dispatcher::_invoke() - CORE/Cake/Routing/Dispatcher.php, line 200
Dispatcher::dispatch() - CORE/Cake/Routing/Dispatcher.php, line 167
[main] - APP/webroot/index.php, line 118

2017-08-08 14:24:49 Notice: Notice (8): Array to string conversion in [/private/etc/apache2/doc/newsvn/www.myj.com/src/app/View/Sale/index.ctp, line 22]
Trace:
makeUrl - APP/View/Sale/index.ctp, line 22
include - APP/View/Sale/index.ctp, line 77
View::_evaluate() - CORE/Cake/View/View.php, line 971
View::_render() - CORE/Cake/View/View.php, line 933
View::render() - CORE/Cake/View/View.php, line 473
Controller::render() - CORE/Cake/Controller/Controller.php, line 960
Dispatcher::_invoke() - CORE/Cake/Routing/Dispatcher.php, line 200
Dispatcher::dispatch() - CORE/Cake/Routing/Dispatcher.php, line 167
[main] - APP/webroot/index.php, line 118

2017-08-08 14:24:49 Notice: Notice (8): Array to string conversion in [/private/etc/apache2/doc/newsvn/www.myj.com/src/app/View/Sale/index.ctp, line 22]
Trace:
makeUrl - APP/View/Sale/index.ctp, line 22
include - APP/View/Sale/index.ctp, line 77
View::_evaluate() - CORE/Cake/View/View.php, line 971
View::_render() - CORE/Cake/View/View.php, line 933
View::render() - CORE/Cake/View/View.php, line 473
Controller::render() - CORE/Cake/Controller/Controller.php, line 960
Dispatcher::_invoke() - CORE/Cake/Routing/Dispatcher.php, line 200
Dispatcher::dispatch() - CORE/Cake/Routing/Dispatcher.php, line 167
[main] - APP/webroot/index.php, line 118

2017-08-08 14:24:49 Notice: Notice (8): Array to string conversion in [/private/etc/apache2/doc/newsvn/www.myj.com/src/app/View/Sale/index.ctp, line 22]
Trace:
makeUrl - APP/View/Sale/index.ctp, line 22
include - APP/View/Sale/index.ctp, line 77
View::_evaluate() - CORE/Cake/View/View.php, line 971
View::_render() - CORE/Cake/View/View.php, line 933
View::render() - CORE/Cake/View/View.php, line 473
Controller::render() - CORE/Cake/Controller/Controller.php, line 960
Dispatcher::_invoke() - CORE/Cake/Routing/Dispatcher.php, line 200
Dispatcher::dispatch() - CORE/Cake/Routing/Dispatcher.php, line 167
[main] - APP/webroot/index.php, line 118

2017-08-08 14:24:49 Notice: Notice (8): Array to string conversion in [/private/etc/apache2/doc/newsvn/www.myj.com/src/app/View/Sale/index.ctp, line 22]
Trace:
makeUrl - APP/View/Sale/index.ctp, line 22
include - APP/View/Sale/index.ctp, line 77
View::_evaluate() - CORE/Cake/View/View.php, line 971
View::_render() - CORE/Cake/View/View.php, line 933
View::render() - CORE/Cake/View/View.php, line 473
Controller::render() - CORE/Cake/Controller/Controller.php, line 960
Dispatcher::_invoke() - CORE/Cake/Routing/Dispatcher.php, line 200
Dispatcher::dispatch() - CORE/Cake/Routing/Dispatcher.php, line 167
[main] - APP/webroot/index.php, line 118

2017-08-08 14:24:49 Notice: Notice (8): Array to string conversion in [/private/etc/apache2/doc/newsvn/www.myj.com/src/app/View/Sale/index.ctp, line 22]
Trace:
makeUrl - APP/View/Sale/index.ctp, line 22
include - APP/View/Sale/index.ctp, line 77
View::_evaluate() - CORE/Cake/View/View.php, line 971
View::_render() - CORE/Cake/View/View.php, line 933
View::render() - CORE/Cake/View/View.php, line 473
Controller::render() - CORE/Cake/Controller/Controller.php, line 960
Dispatcher::_invoke() - CORE/Cake/Routing/Dispatcher.php, line 200
Dispatcher::dispatch() - CORE/Cake/Routing/Dispatcher.php, line 167
[main] - APP/webroot/index.php, line 118

2017-08-08 14:24:49 Notice: Notice (8): Array to string conversion in [/private/etc/apache2/doc/newsvn/www.myj.com/src/app/View/Sale/index.ctp, line 22]
Trace:
makeUrl - APP/View/Sale/index.ctp, line 22
include - APP/View/Sale/index.ctp, line 77
View::_evaluate() - CORE/Cake/View/View.php, line 971
View::_render() - CORE/Cake/View/View.php, line 933
View::render() - CORE/Cake/View/View.php, line 473
Controller::render() - CORE/Cake/Controller/Controller.php, line 960
Dispatcher::_invoke() - CORE/Cake/Routing/Dispatcher.php, line 200
Dispatcher::dispatch() - CORE/Cake/Routing/Dispatcher.php, line 167
[main] - APP/webroot/index.php, line 118

2017-08-08 14:24:49 Notice: Notice (8): Array to string conversion in [/private/etc/apache2/doc/newsvn/www.myj.com/src/app/View/Sale/index.ctp, line 22]
Trace:
makeUrl - APP/View/Sale/index.ctp, line 22
include - APP/View/Sale/index.ctp, line 77
View::_evaluate() - CORE/Cake/View/View.php, line 971
View::_render() - CORE/Cake/View/View.php, line 933
View::render() - CORE/Cake/View/View.php, line 473
Controller::render() - CORE/Cake/Controller/Controller.php, line 960
Dispatcher::_invoke() - CORE/Cake/Routing/Dispatcher.php, line 200
Dispatcher::dispatch() - CORE/Cake/Routing/Dispatcher.php, line 167
[main] - APP/webroot/index.php, line 118

2017-08-08 14:24:49 Notice: Notice (8): Array to string conversion in [/private/etc/apache2/doc/newsvn/www.myj.com/src/app/View/Sale/index.ctp, line 22]
Trace:
makeUrl - APP/View/Sale/index.ctp, line 22
include - APP/View/Sale/index.ctp, line 77
View::_evaluate() - CORE/Cake/View/View.php, line 971
View::_render() - CORE/Cake/View/View.php, line 933
View::render() - CORE/Cake/View/View.php, line 473
Controller::render() - CORE/Cake/Controller/Controller.php, line 960
Dispatcher::_invoke() - CORE/Cake/Routing/Dispatcher.php, line 200
Dispatcher::dispatch() - CORE/Cake/Routing/Dispatcher.php, line 167
[main] - APP/webroot/index.php, line 118

2017-08-08 14:24:49 Notice: Notice (8): Array to string conversion in [/private/etc/apache2/doc/newsvn/www.myj.com/src/app/View/Sale/index.ctp, line 22]
Trace:
makeUrl - APP/View/Sale/index.ctp, line 22
include - APP/View/Sale/index.ctp, line 77
View::_evaluate() - CORE/Cake/View/View.php, line 971
View::_render() - CORE/Cake/View/View.php, line 933
View::render() - CORE/Cake/View/View.php, line 473
Controller::render() - CORE/Cake/Controller/Controller.php, line 960
Dispatcher::_invoke() - CORE/Cake/Routing/Dispatcher.php, line 200
Dispatcher::dispatch() - CORE/Cake/Routing/Dispatcher.php, line 167
[main] - APP/webroot/index.php, line 118

2017-08-08 14:24:49 Notice: Notice (8): Array to string conversion in [/private/etc/apache2/doc/newsvn/www.myj.com/src/app/View/Sale/index.ctp, line 22]
Trace:
makeUrl - APP/View/Sale/index.ctp, line 22
include - APP/View/Sale/index.ctp, line 77
View::_evaluate() - CORE/Cake/View/View.php, line 971
View::_render() - CORE/Cake/View/View.php, line 933
View::render() - CORE/Cake/View/View.php, line 473
Controller::render() - CORE/Cake/Controller/Controller.php, line 960
Dispatcher::_invoke() - CORE/Cake/Routing/Dispatcher.php, line 200
Dispatcher::dispatch() - CORE/Cake/Routing/Dispatcher.php, line 167
[main] - APP/webroot/index.php, line 118

2017-08-08 14:24:49 Notice: Notice (8): Array to string conversion in [/private/etc/apache2/doc/newsvn/www.myj.com/src/app/View/Sale/index.ctp, line 22]
Trace:
makeUrl - APP/View/Sale/index.ctp, line 22
include - APP/View/Sale/index.ctp, line 93
View::_evaluate() - CORE/Cake/View/View.php, line 971
View::_render() - CORE/Cake/View/View.php, line 933
View::render() - CORE/Cake/View/View.php, line 473
Controller::render() - CORE/Cake/Controller/Controller.php, line 960
Dispatcher::_invoke() - CORE/Cake/Routing/Dispatcher.php, line 200
Dispatcher::dispatch() - CORE/Cake/Routing/Dispatcher.php, line 167
[main] - APP/webroot/index.php, line 118

2017-08-08 14:24:49 Notice: Notice (8): Array to string conversion in [/private/etc/apache2/doc/newsvn/www.myj.com/src/app/View/Sale/index.ctp, line 22]
Trace:
makeUrl - APP/View/Sale/index.ctp, line 22
include - APP/View/Sale/index.ctp, line 93
View::_evaluate() - CORE/Cake/View/View.php, line 971
View::_render() - CORE/Cake/View/View.php, line 933
View::render() - CORE/Cake/View/View.php, line 473
Controller::render() - CORE/Cake/Controller/Controller.php, line 960
Dispatcher::_invoke() - CORE/Cake/Routing/Dispatcher.php, line 200
Dispatcher::dispatch() - CORE/Cake/Routing/Dispatcher.php, line 167
[main] - APP/webroot/index.php, line 118

2017-08-08 14:24:49 Notice: Notice (8): Array to string conversion in [/private/etc/apache2/doc/newsvn/www.myj.com/src/app/View/Sale/index.ctp, line 22]
Trace:
makeUrl - APP/View/Sale/index.ctp, line 22
include - APP/View/Sale/index.ctp, line 93
View::_evaluate() - CORE/Cake/View/View.php, line 971
View::_render() - CORE/Cake/View/View.php, line 933
View::render() - CORE/Cake/View/View.php, line 473
Controller::render() - CORE/Cake/Controller/Controller.php, line 960
Dispatcher::_invoke() - CORE/Cake/Routing/Dispatcher.php, line 200
Dispatcher::dispatch() - CORE/Cake/Routing/Dispatcher.php, line 167
[main] - APP/webroot/index.php, line 118

2017-08-08 14:24:49 Notice: Notice (8): Array to string conversion in [/private/etc/apache2/doc/newsvn/www.myj.com/src/app/View/Sale/index.ctp, line 22]
Trace:
makeUrl - APP/View/Sale/index.ctp, line 22
include - APP/View/Sale/index.ctp, line 93
View::_evaluate() - CORE/Cake/View/View.php, line 971
View::_render() - CORE/Cake/View/View.php, line 933
View::render() - CORE/Cake/View/View.php, line 473
Controller::render() - CORE/Cake/Controller/Controller.php, line 960
Dispatcher::_invoke() - CORE/Cake/Routing/Dispatcher.php, line 200
Dispatcher::dispatch() - CORE/Cake/Routing/Dispatcher.php, line 167
[main] - APP/webroot/index.php, line 118

2017-08-08 14:24:49 Notice: Notice (8): Array to string conversion in [/private/etc/apache2/doc/newsvn/www.myj.com/src/app/View/Sale/index.ctp, line 22]
Trace:
makeUrl - APP/View/Sale/index.ctp, line 22
include - APP/View/Sale/index.ctp, line 93
View::_evaluate() - CORE/Cake/View/View.php, line 971
View::_render() - CORE/Cake/View/View.php, line 933
View::render() - CORE/Cake/View/View.php, line 473
Controller::render() - CORE/Cake/Controller/Controller.php, line 960
Dispatcher::_invoke() - CORE/Cake/Routing/Dispatcher.php, line 200
Dispatcher::dispatch() - CORE/Cake/Routing/Dispatcher.php, line 167
[main] - APP/webroot/index.php, line 118

2017-08-08 14:24:49 Notice: Notice (8): Array to string conversion in [/private/etc/apache2/doc/newsvn/www.myj.com/src/app/View/Sale/index.ctp, line 22]
Trace:
makeUrl - APP/View/Sale/index.ctp, line 22
include - APP/View/Sale/index.ctp, line 93
View::_evaluate() - CORE/Cake/View/View.php, line 971
View::_render() - CORE/Cake/View/View.php, line 933
View::render() - CORE/Cake/View/View.php, line 473
Controller::render() - CORE/Cake/Controller/Controller.php, line 960
Dispatcher::_invoke() - CORE/Cake/Routing/Dispatcher.php, line 200
Dispatcher::dispatch() - CORE/Cake/Routing/Dispatcher.php, line 167
[main] - APP/webroot/index.php, line 118

2017-08-08 14:24:49 Notice: Notice (8): Array to string conversion in [/private/etc/apache2/doc/newsvn/www.myj.com/src/app/View/Sale/index.ctp, line 22]
Trace:
makeUrl - APP/View/Sale/index.ctp, line 22
include - APP/View/Sale/index.ctp, line 93
View::_evaluate() - CORE/Cake/View/View.php, line 971
View::_render() - CORE/Cake/View/View.php, line 933
View::render() - CORE/Cake/View/View.php, line 473
Controller::render() - CORE/Cake/Controller/Controller.php, line 960
Dispatcher::_invoke() - CORE/Cake/Routing/Dispatcher.php, line 200
Dispatcher::dispatch() - CORE/Cake/Routing/Dispatcher.php, line 167
[main] - APP/webroot/index.php, line 118

2017-08-08 14:24:49 Notice: Notice (8): Array to string conversion in [/private/etc/apache2/doc/newsvn/www.myj.com/src/app/View/Sale/index.ctp, line 22]
Trace:
makeUrl - APP/View/Sale/index.ctp, line 22
include - APP/View/Sale/index.ctp, line 93
View::_evaluate() - CORE/Cake/View/View.php, line 971
View::_render() - CORE/Cake/View/View.php, line 933
View::render() - CORE/Cake/View/View.php, line 473
Controller::render() - CORE/Cake/Controller/Controller.php, line 960
Dispatcher::_invoke() - CORE/Cake/Routing/Dispatcher.php, line 200
Dispatcher::dispatch() - CORE/Cake/Routing/Dispatcher.php, line 167
[main] - APP/webroot/index.php, line 118

2017-08-08 14:24:49 Notice: Notice (8): Array to string conversion in [/private/etc/apache2/doc/newsvn/www.myj.com/src/app/View/Sale/index.ctp, line 22]
Trace:
makeUrl - APP/View/Sale/index.ctp, line 22
include - APP/View/Sale/index.ctp, line 93
View::_evaluate() - CORE/Cake/View/View.php, line 971
View::_render() - CORE/Cake/View/View.php, line 933
View::render() - CORE/Cake/View/View.php, line 473
Controller::render() - CORE/Cake/Controller/Controller.php, line 960
Dispatcher::_invoke() - CORE/Cake/Routing/Dispatcher.php, line 200
Dispatcher::dispatch() - CORE/Cake/Routing/Dispatcher.php, line 167
[main] - APP/webroot/index.php, line 118

2017-08-08 14:24:49 Notice: Notice (8): Undefined index: lx in [/private/etc/apache2/doc/newsvn/www.myj.com/src/app/View/Sale/index.ctp, line 110]
Trace:
include - APP/View/Sale/index.ctp, line 110
View::_evaluate() - CORE/Cake/View/View.php, line 971
View::_render() - CORE/Cake/View/View.php, line 933
View::render() - CORE/Cake/View/View.php, line 473
Controller::render() - CORE/Cake/Controller/Controller.php, line 960
Dispatcher::_invoke() - CORE/Cake/Routing/Dispatcher.php, line 200
Dispatcher::dispatch() - CORE/Cake/Routing/Dispatcher.php, line 167
[main] - APP/webroot/index.php, line 118

2017-08-08 14:24:49 Notice: Notice (8): Array to string conversion in [/private/etc/apache2/doc/newsvn/www.myj.com/src/app/View/Sale/index.ctp, line 22]
Trace:
makeUrl - APP/View/Sale/index.ctp, line 22
include - APP/View/Sale/index.ctp, line 111
View::_evaluate() - CORE/Cake/View/View.php, line 971
View::_render() - CORE/Cake/View/View.php, line 933
View::render() - CORE/Cake/View/View.php, line 473
Controller::render() - CORE/Cake/Controller/Controller.php, line 960
Dispatcher::_invoke() - CORE/Cake/Routing/Dispatcher.php, line 200
Dispatcher::dispatch() - CORE/Cake/Routing/Dispatcher.php, line 167
[main] - APP/webroot/index.php, line 118

2017-08-08 14:24:49 Notice: Notice (8): Undefined index: lx in [/private/etc/apache2/doc/newsvn/www.myj.com/src/app/View/Sale/index.ctp, line 110]
Trace:
include - APP/View/Sale/index.ctp, line 110
View::_evaluate() - CORE/Cake/View/View.php, line 971
View::_render() - CORE/Cake/View/View.php, line 933
View::render() - CORE/Cake/View/View.php, line 473
Controller::render() - CORE/Cake/Controller/Controller.php, line 960
Dispatcher::_invoke() - CORE/Cake/Routing/Dispatcher.php, line 200
Dispatcher::dispatch() - CORE/Cake/Routing/Dispatcher.php, line 167
[main] - APP/webroot/index.php, line 118

2017-08-08 14:24:49 Notice: Notice (8): Array to string conversion in [/private/etc/apache2/doc/newsvn/www.myj.com/src/app/View/Sale/index.ctp, line 22]
Trace:
makeUrl - APP/View/Sale/index.ctp, line 22
include - APP/View/Sale/index.ctp, line 111
View::_evaluate() - CORE/Cake/View/View.php, line 971
View::_render() - CORE/Cake/View/View.php, line 933
View::render() - CORE/Cake/View/View.php, line 473
Controller::render() - CORE/Cake/Controller/Controller.php, line 960
Dispatcher::_invoke() - CORE/Cake/Routing/Dispatcher.php, line 200
Dispatcher::dispatch() - CORE/Cake/Routing/Dispatcher.php, line 167
[main] - APP/webroot/index.php, line 118

2017-08-08 14:24:49 Notice: Notice (8): Undefined index: lx in [/private/etc/apache2/doc/newsvn/www.myj.com/src/app/View/Sale/index.ctp, line 110]
Trace:
include - APP/View/Sale/index.ctp, line 110
View::_evaluate() - CORE/Cake/View/View.php, line 971
View::_render() - CORE/Cake/View/View.php, line 933
View::render() - CORE/Cake/View/View.php, line 473
Controller::render() - CORE/Cake/Controller/Controller.php, line 960
Dispatcher::_invoke() - CORE/Cake/Routing/Dispatcher.php, line 200
Dispatcher::dispatch() - CORE/Cake/Routing/Dispatcher.php, line 167
[main] - APP/webroot/index.php, line 118

2017-08-08 14:24:49 Notice: Notice (8): Array to string conversion in [/private/etc/apache2/doc/newsvn/www.myj.com/src/app/View/Sale/index.ctp, line 22]
Trace:
makeUrl - APP/View/Sale/index.ctp, line 22
include - APP/View/Sale/index.ctp, line 111
View::_evaluate() - CORE/Cake/View/View.php, line 971
View::_render() - CORE/Cake/View/View.php, line 933
View::render() - CORE/Cake/View/View.php, line 473
Controller::render() - CORE/Cake/Controller/Controller.php, line 960
Dispatcher::_invoke() - CORE/Cake/Routing/Dispatcher.php, line 200
Dispatcher::dispatch() - CORE/Cake/Routing/Dispatcher.php, line 167
[main] - APP/webroot/index.php, line 118

2017-08-08 14:24:49 Notice: Notice (8): Undefined index: lx in [/private/etc/apache2/doc/newsvn/www.myj.com/src/app/View/Sale/index.ctp, line 110]
Trace:
include - APP/View/Sale/index.ctp, line 110
View::_evaluate() - CORE/Cake/View/View.php, line 971
View::_render() - CORE/Cake/View/View.php, line 933
View::render() - CORE/Cake/View/View.php, line 473
Controller::render() - CORE/Cake/Controller/Controller.php, line 960
Dispatcher::_invoke() - CORE/Cake/Routing/Dispatcher.php, line 200
Dispatcher::dispatch() - CORE/Cake/Routing/Dispatcher.php, line 167
[main] - APP/webroot/index.php, line 118

2017-08-08 14:24:49 Notice: Notice (8): Array to string conversion in [/private/etc/apache2/doc/newsvn/www.myj.com/src/app/View/Sale/index.ctp, line 22]
Trace:
makeUrl - APP/View/Sale/index.ctp, line 22
include - APP/View/Sale/index.ctp, line 111
View::_evaluate() - CORE/Cake/View/View.php, line 971
View::_render() - CORE/Cake/View/View.php, line 933
View::render() - CORE/Cake/View/View.php, line 473
Controller::render() - CORE/Cake/Controller/Controller.php, line 960
Dispatcher::_invoke() - CORE/Cake/Routing/Dispatcher.php, line 200
Dispatcher::dispatch() - CORE/Cake/Routing/Dispatcher.php, line 167
[main] - APP/webroot/index.php, line 118

2017-08-08 14:24:49 Notice: Notice (8): Undefined index: lx in [/private/etc/apache2/doc/newsvn/www.myj.com/src/app/View/Sale/index.ctp, line 110]
Trace:
include - APP/View/Sale/index.ctp, line 110
View::_evaluate() - CORE/Cake/View/View.php, line 971
View::_render() - CORE/Cake/View/View.php, line 933
View::render() - CORE/Cake/View/View.php, line 473
Controller::render() - CORE/Cake/Controller/Controller.php, line 960
Dispatcher::_invoke() - CORE/Cake/Routing/Dispatcher.php, line 200
Dispatcher::dispatch() - CORE/Cake/Routing/Dispatcher.php, line 167
[main] - APP/webroot/index.php, line 118

2017-08-08 14:24:49 Notice: Notice (8): Array to string conversion in [/private/etc/apache2/doc/newsvn/www.myj.com/src/app/View/Sale/index.ctp, line 22]
Trace:
makeUrl - APP/View/Sale/index.ctp, line 22
include - APP/View/Sale/index.ctp, line 111
View::_evaluate() - CORE/Cake/View/View.php, line 971
View::_render() - CORE/Cake/View/View.php, line 933
View::render() - CORE/Cake/View/View.php, line 473
Controller::render() - CORE/Cake/Controller/Controller.php, line 960
Dispatcher::_invoke() - CORE/Cake/Routing/Dispatcher.php, line 200
Dispatcher::dispatch() - CORE/Cake/Routing/Dispatcher.php, line 167
[main] - APP/webroot/index.php, line 118

2017-08-08 14:24:49 Notice: Notice (8): Undefined index: lx in [/private/etc/apache2/doc/newsvn/www.myj.com/src/app/View/Sale/index.ctp, line 110]
Trace:
include - APP/View/Sale/index.ctp, line 110
View::_evaluate() - CORE/Cake/View/View.php, line 971
View::_render() - CORE/Cake/View/View.php, line 933
View::render() - CORE/Cake/View/View.php, line 473
Controller::render() - CORE/Cake/Controller/Controller.php, line 960
Dispatcher::_invoke() - CORE/Cake/Routing/Dispatcher.php, line 200
Dispatcher::dispatch() - CORE/Cake/Routing/Dispatcher.php, line 167
[main] - APP/webroot/index.php, line 118

2017-08-08 14:24:49 Notice: Notice (8): Array to string conversion in [/private/etc/apache2/doc/newsvn/www.myj.com/src/app/View/Sale/index.ctp, line 22]
Trace:
makeUrl - APP/View/Sale/index.ctp, line 22
include - APP/View/Sale/index.ctp, line 111
View::_evaluate() - CORE/Cake/View/View.php, line 971
View::_render() - CORE/Cake/View/View.php, line 933
View::render() - CORE/Cake/View/View.php, line 473
Controller::render() - CORE/Cake/Controller/Controller.php, line 960
Dispatcher::_invoke() - CORE/Cake/Routing/Dispatcher.php, line 200
Dispatcher::dispatch() - CORE/Cake/Routing/Dispatcher.php, line 167
[main] - APP/webroot/index.php, line 118

2017-08-08 14:24:49 Notice: Notice (8): Undefined index: lx in [/private/etc/apache2/doc/newsvn/www.myj.com/src/app/View/Sale/index.ctp, line 110]
Trace:
include - APP/View/Sale/index.ctp, line 110
View::_evaluate() - CORE/Cake/View/View.php, line 971
View::_render() - CORE/Cake/View/View.php, line 933
View::render() - CORE/Cake/View/View.php, line 473
Controller::render() - CORE/Cake/Controller/Controller.php, line 960
Dispatcher::_invoke() - CORE/Cake/Routing/Dispatcher.php, line 200
Dispatcher::dispatch() - CORE/Cake/Routing/Dispatcher.php, line 167
[main] - APP/webroot/index.php, line 118

2017-08-08 14:24:49 Notice: Notice (8): Array to string conversion in [/private/etc/apache2/doc/newsvn/www.myj.com/src/app/View/Sale/index.ctp, line 22]
Trace:
makeUrl - APP/View/Sale/index.ctp, line 22
include - APP/View/Sale/index.ctp, line 111
View::_evaluate() - CORE/Cake/View/View.php, line 971
View::_render() - CORE/Cake/View/View.php, line 933
View::render() - CORE/Cake/View/View.php, line 473
Controller::render() - CORE/Cake/Controller/Controller.php, line 960
Dispatcher::_invoke() - CORE/Cake/Routing/Dispatcher.php, line 200
Dispatcher::dispatch() - CORE/Cake/Routing/Dispatcher.php, line 167
[main] - APP/webroot/index.php, line 118

2017-08-08 14:24:49 Notice: Notice (8): Undefined index: lx in [/private/etc/apache2/doc/newsvn/www.myj.com/src/app/View/Sale/index.ctp, line 110]
Trace:
include - APP/View/Sale/index.ctp, line 110
View::_evaluate() - CORE/Cake/View/View.php, line 971
View::_render() - CORE/Cake/View/View.php, line 933
View::render() - CORE/Cake/View/View.php, line 473
Controller::render() - CORE/Cake/Controller/Controller.php, line 960
Dispatcher::_invoke() - CORE/Cake/Routing/Dispatcher.php, line 200
Dispatcher::dispatch() - CORE/Cake/Routing/Dispatcher.php, line 167
[main] - APP/webroot/index.php, line 118

2017-08-08 14:24:49 Notice: Notice (8): Array to string conversion in [/private/etc/apache2/doc/newsvn/www.myj.com/src/app/View/Sale/index.ctp, line 22]
Trace:
makeUrl - APP/View/Sale/index.ctp, line 22
include - APP/View/Sale/index.ctp, line 111
View::_evaluate() - CORE/Cake/View/View.php, line 971
View::_render() - CORE/Cake/View/View.php, line 933
View::render() - CORE/Cake/View/View.php, line 473
Controller::render() - CORE/Cake/Controller/Controller.php, line 960
Dispatcher::_invoke() - CORE/Cake/Routing/Dispatcher.php, line 200
Dispatcher::dispatch() - CORE/Cake/Routing/Dispatcher.php, line 167
[main] - APP/webroot/index.php, line 118

2017-08-08 14:24:49 Notice: Notice (8): Undefined index: lx in [/private/etc/apache2/doc/newsvn/www.myj.com/src/app/View/Sale/index.ctp, line 110]
Trace:
include - APP/View/Sale/index.ctp, line 110
View::_evaluate() - CORE/Cake/View/View.php, line 971
View::_render() - CORE/Cake/View/View.php, line 933
View::render() - CORE/Cake/View/View.php, line 473
Controller::render() - CORE/Cake/Controller/Controller.php, line 960
Dispatcher::_invoke() - CORE/Cake/Routing/Dispatcher.php, line 200
Dispatcher::dispatch() - CORE/Cake/Routing/Dispatcher.php, line 167
[main] - APP/webroot/index.php, line 118

2017-08-08 14:24:49 Notice: Notice (8): Array to string conversion in [/private/etc/apache2/doc/newsvn/www.myj.com/src/app/View/Sale/index.ctp, line 22]
Trace:
makeUrl - APP/View/Sale/index.ctp, line 22
include - APP/View/Sale/index.ctp, line 111
View::_evaluate() - CORE/Cake/View/View.php, line 971
View::_render() - CORE/Cake/View/View.php, line 933
View::render() - CORE/Cake/View/View.php, line 473
Controller::render() - CORE/Cake/Controller/Controller.php, line 960
Dispatcher::_invoke() - CORE/Cake/Routing/Dispatcher.php, line 200
Dispatcher::dispatch() - CORE/Cake/Routing/Dispatcher.php, line 167
[main] - APP/webroot/index.php, line 118

2017-08-08 14:24:49 Notice: Notice (8): Array to string conversion in [/private/etc/apache2/doc/newsvn/www.myj.com/src/app/View/Sale/index.ctp, line 22]
Trace:
makeUrl - APP/View/Sale/index.ctp, line 22
include - APP/View/Sale/index.ctp, line 127
View::_evaluate() - CORE/Cake/View/View.php, line 971
View::_render() - CORE/Cake/View/View.php, line 933
View::render() - CORE/Cake/View/View.php, line 473
Controller::render() - CORE/Cake/Controller/Controller.php, line 960
Dispatcher::_invoke() - CORE/Cake/Routing/Dispatcher.php, line 200
Dispatcher::dispatch() - CORE/Cake/Routing/Dispatcher.php, line 167
[main] - APP/webroot/index.php, line 118

2017-08-08 14:24:49 Notice: Notice (8): Array to string conversion in [/private/etc/apache2/doc/newsvn/www.myj.com/src/app/View/Sale/index.ctp, line 22]
Trace:
makeUrl - APP/View/Sale/index.ctp, line 22
include - APP/View/Sale/index.ctp, line 127
View::_evaluate() - CORE/Cake/View/View.php, line 971
View::_render() - CORE/Cake/View/View.php, line 933
View::render() - CORE/Cake/View/View.php, line 473
Controller::render() - CORE/Cake/Controller/Controller.php, line 960
Dispatcher::_invoke() - CORE/Cake/Routing/Dispatcher.php, line 200
Dispatcher::dispatch() - CORE/Cake/Routing/Dispatcher.php, line 167
[main] - APP/webroot/index.php, line 118

2017-08-08 14:24:49 Notice: Notice (8): Array to string conversion in [/private/etc/apache2/doc/newsvn/www.myj.com/src/app/View/Sale/index.ctp, line 22]
Trace:
makeUrl - APP/View/Sale/index.ctp, line 22
include - APP/View/Sale/index.ctp, line 127
View::_evaluate() - CORE/Cake/View/View.php, line 971
View::_render() - CORE/Cake/View/View.php, line 933
View::render() - CORE/Cake/View/View.php, line 473
Controller::render() - CORE/Cake/Controller/Controller.php, line 960
Dispatcher::_invoke() - CORE/Cake/Routing/Dispatcher.php, line 200
Dispatcher::dispatch() - CORE/Cake/Routing/Dispatcher.php, line 167
[main] - APP/webroot/index.php, line 118

2017-08-08 14:24:49 Notice: Notice (8): Array to string conversion in [/private/etc/apache2/doc/newsvn/www.myj.com/src/app/View/Sale/index.ctp, line 22]
Trace:
makeUrl - APP/View/Sale/index.ctp, line 22
include - APP/View/Sale/index.ctp, line 127
View::_evaluate() - CORE/Cake/View/View.php, line 971
View::_render() - CORE/Cake/View/View.php, line 933
View::render() - CORE/Cake/View/View.php, line 473
Controller::render() - CORE/Cake/Controller/Controller.php, line 960
Dispatcher::_invoke() - CORE/Cake/Routing/Dispatcher.php, line 200
Dispatcher::dispatch() - CORE/Cake/Routing/Dispatcher.php, line 167
[main] - APP/webroot/index.php, line 118

2017-08-08 14:24:49 Notice: Notice (8): Array to string conversion in [/private/etc/apache2/doc/newsvn/www.myj.com/src/app/View/Sale/index.ctp, line 22]
Trace:
makeUrl - APP/View/Sale/index.ctp, line 22
include - APP/View/Sale/index.ctp, line 127
View::_evaluate() - CORE/Cake/View/View.php, line 971
View::_render() - CORE/Cake/View/View.php, line 933
View::render() - CORE/Cake/View/View.php, line 473
Controller::render() - CORE/Cake/Controller/Controller.php, line 960
Dispatcher::_invoke() - CORE/Cake/Routing/Dispatcher.php, line 200
Dispatcher::dispatch() - CORE/Cake/Routing/Dispatcher.php, line 167
[main] - APP/webroot/index.php, line 118

2017-08-08 14:24:49 Notice: Notice (8): Array to string conversion in [/private/etc/apache2/doc/newsvn/www.myj.com/src/app/View/Sale/index.ctp, line 22]
Trace:
makeUrl - APP/View/Sale/index.ctp, line 22
include - APP/View/Sale/index.ctp, line 127
View::_evaluate() - CORE/Cake/View/View.php, line 971
View::_render() - CORE/Cake/View/View.php, line 933
View::render() - CORE/Cake/View/View.php, line 473
Controller::render() - CORE/Cake/Controller/Controller.php, line 960
Dispatcher::_invoke() - CORE/Cake/Routing/Dispatcher.php, line 200
Dispatcher::dispatch() - CORE/Cake/Routing/Dispatcher.php, line 167
[main] - APP/webroot/index.php, line 118

2017-08-08 14:24:49 Notice: Notice (8): Array to string conversion in [/private/etc/apache2/doc/newsvn/www.myj.com/src/app/View/Sale/index.ctp, line 22]
Trace:
makeUrl - APP/View/Sale/index.ctp, line 22
include - APP/View/Sale/index.ctp, line 127
View::_evaluate() - CORE/Cake/View/View.php, line 971
View::_render() - CORE/Cake/View/View.php, line 933
View::render() - CORE/Cake/View/View.php, line 473
Controller::render() - CORE/Cake/Controller/Controller.php, line 960
Dispatcher::_invoke() - CORE/Cake/Routing/Dispatcher.php, line 200
Dispatcher::dispatch() - CORE/Cake/Routing/Dispatcher.php, line 167
[main] - APP/webroot/index.php, line 118

2017-08-08 14:24:49 Notice: Notice (8): Array to string conversion in [/private/etc/apache2/doc/newsvn/www.myj.com/src/app/View/Sale/index.ctp, line 22]
Trace:
makeUrl - APP/View/Sale/index.ctp, line 22
include - APP/View/Sale/index.ctp, line 143
View::_evaluate() - CORE/Cake/View/View.php, line 971
View::_render() - CORE/Cake/View/View.php, line 933
View::render() - CORE/Cake/View/View.php, line 473
Controller::render() - CORE/Cake/Controller/Controller.php, line 960
Dispatcher::_invoke() - CORE/Cake/Routing/Dispatcher.php, line 200
Dispatcher::dispatch() - CORE/Cake/Routing/Dispatcher.php, line 167
[main] - APP/webroot/index.php, line 118

2017-08-08 14:24:49 Notice: Notice (8): Array to string conversion in [/private/etc/apache2/doc/newsvn/www.myj.com/src/app/View/Sale/index.ctp, line 22]
Trace:
makeUrl - APP/View/Sale/index.ctp, line 22
include - APP/View/Sale/index.ctp, line 143
View::_evaluate() - CORE/Cake/View/View.php, line 971
View::_render() - CORE/Cake/View/View.php, line 933
View::render() - CORE/Cake/View/View.php, line 473
Controller::render() - CORE/Cake/Controller/Controller.php, line 960
Dispatcher::_invoke() - CORE/Cake/Routing/Dispatcher.php, line 200
Dispatcher::dispatch() - CORE/Cake/Routing/Dispatcher.php, line 167
[main] - APP/webroot/index.php, line 118

2017-08-08 14:24:49 Notice: Notice (8): Array to string conversion in [/private/etc/apache2/doc/newsvn/www.myj.com/src/app/View/Sale/index.ctp, line 22]
Trace:
makeUrl - APP/View/Sale/index.ctp, line 22
include - APP/View/Sale/index.ctp, line 143
View::_evaluate() - CORE/Cake/View/View.php, line 971
View::_render() - CORE/Cake/View/View.php, line 933
View::render() - CORE/Cake/View/View.php, line 473
Controller::render() - CORE/Cake/Controller/Controller.php, line 960
Dispatcher::_invoke() - CORE/Cake/Routing/Dispatcher.php, line 200
Dispatcher::dispatch() - CORE/Cake/Routing/Dispatcher.php, line 167
[main] - APP/webroot/index.php, line 118

2017-08-08 14:24:49 Notice: Notice (8): Array to string conversion in [/private/etc/apache2/doc/newsvn/www.myj.com/src/app/View/Sale/index.ctp, line 22]
Trace:
makeUrl - APP/View/Sale/index.ctp, line 22
include - APP/View/Sale/index.ctp, line 143
View::_evaluate() - CORE/Cake/View/View.php, line 971
View::_render() - CORE/Cake/View/View.php, line 933
View::render() - CORE/Cake/View/View.php, line 473
Controller::render() - CORE/Cake/Controller/Controller.php, line 960
Dispatcher::_invoke() - CORE/Cake/Routing/Dispatcher.php, line 200
Dispatcher::dispatch() - CORE/Cake/Routing/Dispatcher.php, line 167
[main] - APP/webroot/index.php, line 118

2017-08-08 14:24:49 Notice: Notice (8): Array to string conversion in [/private/etc/apache2/doc/newsvn/www.myj.com/src/app/View/Sale/index.ctp, line 22]
Trace:
makeUrl - APP/View/Sale/index.ctp, line 22
include - APP/View/Sale/index.ctp, line 143
View::_evaluate() - CORE/Cake/View/View.php, line 971
View::_render() - CORE/Cake/View/View.php, line 933
View::render() - CORE/Cake/View/View.php, line 473
Controller::render() - CORE/Cake/Controller/Controller.php, line 960
Dispatcher::_invoke() - CORE/Cake/Routing/Dispatcher.php, line 200
Dispatcher::dispatch() - CORE/Cake/Routing/Dispatcher.php, line 167
[main] - APP/webroot/index.php, line 118

2017-08-08 14:24:49 Notice: Notice (8): Array to string conversion in [/private/etc/apache2/doc/newsvn/www.myj.com/src/app/View/Sale/index.ctp, line 22]
Trace:
makeUrl - APP/View/Sale/index.ctp, line 22
include - APP/View/Sale/index.ctp, line 143
View::_evaluate() - CORE/Cake/View/View.php, line 971
View::_render() - CORE/Cake/View/View.php, line 933
View::render() - CORE/Cake/View/View.php, line 473
Controller::render() - CORE/Cake/Controller/Controller.php, line 960
Dispatcher::_invoke() - CORE/Cake/Routing/Dispatcher.php, line 200
Dispatcher::dispatch() - CORE/Cake/Routing/Dispatcher.php, line 167
[main] - APP/webroot/index.php, line 118

2017-08-08 14:24:49 Notice: Notice (8): Array to string conversion in [/private/etc/apache2/doc/newsvn/www.myj.com/src/app/View/Sale/index.ctp, line 22]
Trace:
makeUrl - APP/View/Sale/index.ctp, line 22
include - APP/View/Sale/index.ctp, line 143
View::_evaluate() - CORE/Cake/View/View.php, line 971
View::_render() - CORE/Cake/View/View.php, line 933
View::render() - CORE/Cake/View/View.php, line 473
Controller::render() - CORE/Cake/Controller/Controller.php, line 960
Dispatcher::_invoke() - CORE/Cake/Routing/Dispatcher.php, line 200
Dispatcher::dispatch() - CORE/Cake/Routing/Dispatcher.php, line 167
[main] - APP/webroot/index.php, line 118

2017-08-08 14:24:49 Notice: Notice (8): Array to string conversion in [/private/etc/apache2/doc/newsvn/www.myj.com/src/app/View/Sale/index.ctp, line 22]
Trace:
makeUrl - APP/View/Sale/index.ctp, line 22
include - APP/View/Sale/index.ctp, line 159
View::_evaluate() - CORE/Cake/View/View.php, line 971
View::_render() - CORE/Cake/View/View.php, line 933
View::render() - CORE/Cake/View/View.php, line 473
Controller::render() - CORE/Cake/Controller/Controller.php, line 960
Dispatcher::_invoke() - CORE/Cake/Routing/Dispatcher.php, line 200
Dispatcher::dispatch() - CORE/Cake/Routing/Dispatcher.php, line 167
[main] - APP/webroot/index.php, line 118

2017-08-08 14:24:49 Notice: Notice (8): Array to string conversion in [/private/etc/apache2/doc/newsvn/www.myj.com/src/app/View/Sale/index.ctp, line 22]
Trace:
makeUrl - APP/View/Sale/index.ctp, line 22
include - APP/View/Sale/index.ctp, line 159
View::_evaluate() - CORE/Cake/View/View.php, line 971
View::_render() - CORE/Cake/View/View.php, line 933
View::render() - CORE/Cake/View/View.php, line 473
Controller::render() - CORE/Cake/Controller/Controller.php, line 960
Dispatcher::_invoke() - CORE/Cake/Routing/Dispatcher.php, line 200
Dispatcher::dispatch() - CORE/Cake/Routing/Dispatcher.php, line 167
[main] - APP/webroot/index.php, line 118

2017-08-08 14:24:49 Notice: Notice (8): Array to string conversion in [/private/etc/apache2/doc/newsvn/www.myj.com/src/app/View/Sale/index.ctp, line 22]
Trace:
makeUrl - APP/View/Sale/index.ctp, line 22
include - APP/View/Sale/index.ctp, line 159
View::_evaluate() - CORE/Cake/View/View.php, line 971
View::_render() - CORE/Cake/View/View.php, line 933
View::render() - CORE/Cake/View/View.php, line 473
Controller::render() - CORE/Cake/Controller/Controller.php, line 960
Dispatcher::_invoke() - CORE/Cake/Routing/Dispatcher.php, line 200
Dispatcher::dispatch() - CORE/Cake/Routing/Dispatcher.php, line 167
[main] - APP/webroot/index.php, line 118

2017-08-08 14:24:49 Notice: Notice (8): Array to string conversion in [/private/etc/apache2/doc/newsvn/www.myj.com/src/app/View/Sale/index.ctp, line 22]
Trace:
makeUrl - APP/View/Sale/index.ctp, line 22
include - APP/View/Sale/index.ctp, line 159
View::_evaluate() - CORE/Cake/View/View.php, line 971
View::_render() - CORE/Cake/View/View.php, line 933
View::render() - CORE/Cake/View/View.php, line 473
Controller::render() - CORE/Cake/Controller/Controller.php, line 960
Dispatcher::_invoke() - CORE/Cake/Routing/Dispatcher.php, line 200
Dispatcher::dispatch() - CORE/Cake/Routing/Dispatcher.php, line 167
[main] - APP/webroot/index.php, line 118

2017-08-08 14:24:49 Notice: Notice (8): Array to string conversion in [/private/etc/apache2/doc/newsvn/www.myj.com/src/app/View/Sale/index.ctp, line 22]
Trace:
makeUrl - APP/View/Sale/index.ctp, line 22
include - APP/View/Sale/index.ctp, line 159
View::_evaluate() - CORE/Cake/View/View.php, line 971
View::_render() - CORE/Cake/View/View.php, line 933
View::render() - CORE/Cake/View/View.php, line 473
Controller::render() - CORE/Cake/Controller/Controller.php, line 960
Dispatcher::_invoke() - CORE/Cake/Routing/Dispatcher.php, line 200
Dispatcher::dispatch() - CORE/Cake/Routing/Dispatcher.php, line 167
[main] - APP/webroot/index.php, line 118

2017-08-08 14:24:49 Notice: Notice (8): Array to string conversion in [/private/etc/apache2/doc/newsvn/www.myj.com/src/app/View/Sale/index.ctp, line 22]
Trace:
makeUrl - APP/View/Sale/index.ctp, line 22
include - APP/View/Sale/index.ctp, line 159
View::_evaluate() - CORE/Cake/View/View.php, line 971
View::_render() - CORE/Cake/View/View.php, line 933
View::render() - CORE/Cake/View/View.php, line 473
Controller::render() - CORE/Cake/Controller/Controller.php, line 960
Dispatcher::_invoke() - CORE/Cake/Routing/Dispatcher.php, line 200
Dispatcher::dispatch() - CORE/Cake/Routing/Dispatcher.php, line 167
[main] - APP/webroot/index.php, line 118

2017-08-08 14:25:05 Notice: Notice (8): Undefined index: lx in [/private/etc/apache2/doc/newsvn/www.myj.com/src/app/View/Sale/index.ctp, line 110]
Trace:
include - APP/View/Sale/index.ctp, line 110
View::_evaluate() - CORE/Cake/View/View.php, line 971
View::_render() - CORE/Cake/View/View.php, line 933
View::render() - CORE/Cake/View/View.php, line 473
Controller::render() - CORE/Cake/Controller/Controller.php, line 960
Dispatcher::_invoke() - CORE/Cake/Routing/Dispatcher.php, line 200
Dispatcher::dispatch() - CORE/Cake/Routing/Dispatcher.php, line 167
[main] - APP/webroot/index.php, line 118

2017-08-08 14:25:05 Notice: Notice (8): Undefined index: lx in [/private/etc/apache2/doc/newsvn/www.myj.com/src/app/View/Sale/index.ctp, line 110]
Trace:
include - APP/View/Sale/index.ctp, line 110
View::_evaluate() - CORE/Cake/View/View.php, line 971
View::_render() - CORE/Cake/View/View.php, line 933
View::render() - CORE/Cake/View/View.php, line 473
Controller::render() - CORE/Cake/Controller/Controller.php, line 960
Dispatcher::_invoke() - CORE/Cake/Routing/Dispatcher.php, line 200
Dispatcher::dispatch() - CORE/Cake/Routing/Dispatcher.php, line 167
[main] - APP/webroot/index.php, line 118

2017-08-08 14:25:05 Notice: Notice (8): Undefined index: lx in [/private/etc/apache2/doc/newsvn/www.myj.com/src/app/View/Sale/index.ctp, line 110]
Trace:
include - APP/View/Sale/index.ctp, line 110
View::_evaluate() - CORE/Cake/View/View.php, line 971
View::_render() - CORE/Cake/View/View.php, line 933
View::render() - CORE/Cake/View/View.php, line 473
Controller::render() - CORE/Cake/Controller/Controller.php, line 960
Dispatcher::_invoke() - CORE/Cake/Routing/Dispatcher.php, line 200
Dispatcher::dispatch() - CORE/Cake/Routing/Dispatcher.php, line 167
[main] - APP/webroot/index.php, line 118

2017-08-08 14:25:05 Notice: Notice (8): Undefined index: lx in [/private/etc/apache2/doc/newsvn/www.myj.com/src/app/View/Sale/index.ctp, line 110]
Trace:
include - APP/View/Sale/index.ctp, line 110
View::_evaluate() - CORE/Cake/View/View.php, line 971
View::_render() - CORE/Cake/View/View.php, line 933
View::render() - CORE/Cake/View/View.php, line 473
Controller::render() - CORE/Cake/Controller/Controller.php, line 960
Dispatcher::_invoke() - CORE/Cake/Routing/Dispatcher.php, line 200
Dispatcher::dispatch() - CORE/Cake/Routing/Dispatcher.php, line 167
[main] - APP/webroot/index.php, line 118

2017-08-08 14:25:05 Notice: Notice (8): Undefined index: lx in [/private/etc/apache2/doc/newsvn/www.myj.com/src/app/View/Sale/index.ctp, line 110]
Trace:
include - APP/View/Sale/index.ctp, line 110
View::_evaluate() - CORE/Cake/View/View.php, line 971
View::_render() - CORE/Cake/View/View.php, line 933
View::render() - CORE/Cake/View/View.php, line 473
Controller::render() - CORE/Cake/Controller/Controller.php, line 960
Dispatcher::_invoke() - CORE/Cake/Routing/Dispatcher.php, line 200
Dispatcher::dispatch() - CORE/Cake/Routing/Dispatcher.php, line 167
[main] - APP/webroot/index.php, line 118

2017-08-08 14:25:05 Notice: Notice (8): Undefined index: lx in [/private/etc/apache2/doc/newsvn/www.myj.com/src/app/View/Sale/index.ctp, line 110]
Trace:
include - APP/View/Sale/index.ctp, line 110
View::_evaluate() - CORE/Cake/View/View.php, line 971
View::_render() - CORE/Cake/View/View.php, line 933
View::render() - CORE/Cake/View/View.php, line 473
Controller::render() - CORE/Cake/Controller/Controller.php, line 960
Dispatcher::_invoke() - CORE/Cake/Routing/Dispatcher.php, line 200
Dispatcher::dispatch() - CORE/Cake/Routing/Dispatcher.php, line 167
[main] - APP/webroot/index.php, line 118

2017-08-08 14:25:05 Notice: Notice (8): Undefined index: lx in [/private/etc/apache2/doc/newsvn/www.myj.com/src/app/View/Sale/index.ctp, line 110]
Trace:
include - APP/View/Sale/index.ctp, line 110
View::_evaluate() - CORE/Cake/View/View.php, line 971
View::_render() - CORE/Cake/View/View.php, line 933
View::render() - CORE/Cake/View/View.php, line 473
Controller::render() - CORE/Cake/Controller/Controller.php, line 960
Dispatcher::_invoke() - CORE/Cake/Routing/Dispatcher.php, line 200
Dispatcher::dispatch() - CORE/Cake/Routing/Dispatcher.php, line 167
[main] - APP/webroot/index.php, line 118

2017-08-08 14:25:05 Notice: Notice (8): Undefined index: lx in [/private/etc/apache2/doc/newsvn/www.myj.com/src/app/View/Sale/index.ctp, line 110]
Trace:
include - APP/View/Sale/index.ctp, line 110
View::_evaluate() - CORE/Cake/View/View.php, line 971
View::_render() - CORE/Cake/View/View.php, line 933
View::render() - CORE/Cake/View/View.php, line 473
Controller::render() - CORE/Cake/Controller/Controller.php, line 960
Dispatcher::_invoke() - CORE/Cake/Routing/Dispatcher.php, line 200
Dispatcher::dispatch() - CORE/Cake/Routing/Dispatcher.php, line 167
[main] - APP/webroot/index.php, line 118

2017-08-08 14:25:05 Notice: Notice (8): Undefined index: lx in [/private/etc/apache2/doc/newsvn/www.myj.com/src/app/View/Sale/index.ctp, line 110]
Trace:
include - APP/View/Sale/index.ctp, line 110
View::_evaluate() - CORE/Cake/View/View.php, line 971
View::_render() - CORE/Cake/View/View.php, line 933
View::render() - CORE/Cake/View/View.php, line 473
Controller::render() - CORE/Cake/Controller/Controller.php, line 960
Dispatcher::_invoke() - CORE/Cake/Routing/Dispatcher.php, line 200
Dispatcher::dispatch() - CORE/Cake/Routing/Dispatcher.php, line 167
[main] - APP/webroot/index.php, line 118

2020-09-11 09:49:58 Notice: Notice (8): Undefined variable: submit in [/private/etc/apache2/doc/newsvn/www.wgf.com/src/app/View/Shop/p_active.ctp, line 69]
Trace:
include - APP/View/Shop/p_active.ctp, line 69
View::_evaluate() - CORE/Cake/View/View.php, line 947
View::_render() - CORE/Cake/View/View.php, line 909
View::render() - CORE/Cake/View/View.php, line 471
Controller::render() - CORE/Cake/Controller/Controller.php, line 948
ShopController::v() - APP/Controller/ShopController.php, line 420
ReflectionMethod::invokeArgs() - [internal], line ??
Controller::invokeAction() - CORE/Cake/Controller/Controller.php, line 486
Dispatcher::_invoke() - CORE/Cake/Routing/Dispatcher.php, line 187
Dispatcher::dispatch() - CORE/Cake/Routing/Dispatcher.php, line 162
[main] - APP/webroot/index.php, line 110

2020-09-11 09:49:58 Notice: Notice (8): Undefined variable: submit in [/private/etc/apache2/doc/newsvn/www.wgf.com/src/app/View/Shop/p_active.ctp, line 114]
Trace:
include - APP/View/Shop/p_active.ctp, line 114
View::_evaluate() - CORE/Cake/View/View.php, line 947
View::_render() - CORE/Cake/View/View.php, line 909
View::render() - CORE/Cake/View/View.php, line 471
Controller::render() - CORE/Cake/Controller/Controller.php, line 948
ShopController::v() - APP/Controller/ShopController.php, line 420
ReflectionMethod::invokeArgs() - [internal], line ??
Controller::invokeAction() - CORE/Cake/Controller/Controller.php, line 486
Dispatcher::_invoke() - CORE/Cake/Routing/Dispatcher.php, line 187
Dispatcher::dispatch() - CORE/Cake/Routing/Dispatcher.php, line 162
[main] - APP/webroot/index.php, line 110

2020-09-11 10:17:00 Notice: Notice (8): Use of undefined constant php - assumed 'php' in [/private/etc/apache2/doc/newsvn/www.wgf.com/src/app/View/Shop/p_active.ctp, line 142]
Trace:
include - APP/View/Shop/p_active.ctp, line 142
View::_evaluate() - CORE/Cake/View/View.php, line 947
View::_render() - CORE/Cake/View/View.php, line 909
View::render() - CORE/Cake/View/View.php, line 471
Controller::render() - CORE/Cake/Controller/Controller.php, line 948
ShopController::v() - APP/Controller/ShopController.php, line 429
ReflectionMethod::invokeArgs() - [internal], line ??
Controller::invokeAction() - CORE/Cake/Controller/Controller.php, line 486
Dispatcher::_invoke() - CORE/Cake/Routing/Dispatcher.php, line 187
Dispatcher::dispatch() - CORE/Cake/Routing/Dispatcher.php, line 162
[main] - APP/webroot/index.php, line 110

2020-09-11 10:25:42 Notice: Notice (8): Undefined index: u_tel in [/private/etc/apache2/doc/newsvn/www.wgf.com/src/app/Controller/ShopController.php, line 501]
Trace:
ShopController::active() - APP/Controller/ShopController.php, line 501
ReflectionMethod::invokeArgs() - [internal], line ??
Controller::invokeAction() - CORE/Cake/Controller/Controller.php, line 486
Dispatcher::_invoke() - CORE/Cake/Routing/Dispatcher.php, line 187
Dispatcher::dispatch() - CORE/Cake/Routing/Dispatcher.php, line 162
[main] - APP/webroot/index.php, line 110

2020-09-11 10:25:49 Notice: Notice (8): Undefined index: u_tel in [/private/etc/apache2/doc/newsvn/www.wgf.com/src/app/Controller/ShopController.php, line 501]
Trace:
ShopController::active() - APP/Controller/ShopController.php, line 501
ReflectionMethod::invokeArgs() - [internal], line ??
Controller::invokeAction() - CORE/Cake/Controller/Controller.php, line 486
Dispatcher::_invoke() - CORE/Cake/Routing/Dispatcher.php, line 187
Dispatcher::dispatch() - CORE/Cake/Routing/Dispatcher.php, line 162
[main] - APP/webroot/index.php, line 110

2020-09-11 10:25:55 Notice: Notice (8): Undefined index: u_tel in [/private/etc/apache2/doc/newsvn/www.wgf.com/src/app/Controller/ShopController.php, line 501]
Trace:
ShopController::active() - APP/Controller/ShopController.php, line 501
ReflectionMethod::invokeArgs() - [internal], line ??
Controller::invokeAction() - CORE/Cake/Controller/Controller.php, line 486
Dispatcher::_invoke() - CORE/Cake/Routing/Dispatcher.php, line 187
Dispatcher::dispatch() - CORE/Cake/Routing/Dispatcher.php, line 162
[main] - APP/webroot/index.php, line 110

2020-09-11 10:26:13 Notice: Notice (8): Undefined index: u_tel in [/private/etc/apache2/doc/newsvn/www.wgf.com/src/app/Controller/ShopController.php, line 501]
Trace:
ShopController::active() - APP/Controller/ShopController.php, line 501
ReflectionMethod::invokeArgs() - [internal], line ??
Controller::invokeAction() - CORE/Cake/Controller/Controller.php, line 486
Dispatcher::_invoke() - CORE/Cake/Routing/Dispatcher.php, line 187
Dispatcher::dispatch() - CORE/Cake/Routing/Dispatcher.php, line 162
[main] - APP/webroot/index.php, line 110

2020-09-11 10:26:34 Notice: Notice (8): Undefined index: u_tel in [/private/etc/apache2/doc/newsvn/www.wgf.com/src/app/Controller/ShopController.php, line 501]
Trace:
ShopController::active() - APP/Controller/ShopController.php, line 501
ReflectionMethod::invokeArgs() - [internal], line ??
Controller::invokeAction() - CORE/Cake/Controller/Controller.php, line 486
Dispatcher::_invoke() - CORE/Cake/Routing/Dispatcher.php, line 187
Dispatcher::dispatch() - CORE/Cake/Routing/Dispatcher.php, line 162
[main] - APP/webroot/index.php, line 110

2020-09-11 10:26:37 Notice: Notice (8): Undefined index: u_tel in [/private/etc/apache2/doc/newsvn/www.wgf.com/src/app/Controller/ShopController.php, line 501]
Trace:
ShopController::active() - APP/Controller/ShopController.php, line 501
ReflectionMethod::invokeArgs() - [internal], line ??
Controller::invokeAction() - CORE/Cake/Controller/Controller.php, line 486
Dispatcher::_invoke() - CORE/Cake/Routing/Dispatcher.php, line 187
Dispatcher::dispatch() - CORE/Cake/Routing/Dispatcher.php, line 162
[main] - APP/webroot/index.php, line 110

